<?xml version="1.0" encoding="UTF-8"?>
<coverage generated="1655934215119" clover="3.2.0">
  <project timestamp="1655934215119" name="All files">
    <metrics statements="82" coveredstatements="78" conditionals="38" coveredconditionals="32" methods="5" coveredmethods="5" elements="125" coveredelements="115" complexity="0" loc="82" ncloc="82" packages="1" files="5" classes="5"/>
    <file name="1-Two-Sum.js" path="/Users/anjolaoluwaadeuyi/Documents/Personal Projects/leetcode-dsa-hackerrank/javascript/1-Two-Sum.js">
      <metrics statements="11" coveredstatements="10" conditionals="2" coveredconditionals="2" methods="1" coveredmethods="1"/>
      <line num="7" count="1" type="stmt"/>
      <line num="8" count="2" type="stmt"/>
      <line num="9" count="2" type="stmt"/>
      <line num="10" count="4" type="stmt"/>
      <line num="11" count="4" type="stmt"/>
      <line num="12" count="4" type="cond" truecount="2" falsecount="0"/>
      <line num="13" count="2" type="stmt"/>
      <line num="15" count="2" type="stmt"/>
      <line num="17" count="0" type="stmt"/>
      <line num="19" count="1" type="stmt"/>
      <line num="21" count="1" type="stmt"/>
    </file>
    <file name="11-Container-With-Most-Water.js" path="/Users/anjolaoluwaadeuyi/Documents/Personal Projects/leetcode-dsa-hackerrank/javascript/11-Container-With-Most-Water.js">
      <metrics statements="14" coveredstatements="14" conditionals="2" coveredconditionals="2" methods="1" coveredmethods="1"/>
      <line num="18" count="1" type="stmt"/>
      <line num="19" count="4" type="stmt"/>
      <line num="20" count="4" type="stmt"/>
      <line num="21" count="4" type="stmt"/>
      <line num="23" count="4" type="stmt"/>
      <line num="24" count="18" type="stmt"/>
      <line num="25" count="18" type="stmt"/>
      <line num="26" count="18" type="cond" truecount="2" falsecount="0"/>
      <line num="27" count="4" type="stmt"/>
      <line num="29" count="14" type="stmt"/>
      <line num="32" count="4" type="stmt"/>
      <line num="35" count="1" type="stmt"/>
      <line num="41" count="1" type="stmt"/>
      <line num="46" count="1" type="stmt"/>
    </file>
    <file name="13-Roman-To-Integer.js" path="/Users/anjolaoluwaadeuyi/Documents/Personal Projects/leetcode-dsa-hackerrank/javascript/13-Roman-To-Integer.js">
      <metrics statements="29" coveredstatements="26" conditionals="24" coveredconditionals="20" methods="1" coveredmethods="1"/>
      <line num="31" count="1" type="stmt"/>
      <line num="32" count="8" type="stmt"/>
      <line num="42" count="8" type="stmt"/>
      <line num="44" count="8" type="stmt"/>
      <line num="46" count="8" type="stmt"/>
      <line num="48" count="32" type="cond" truecount="2" falsecount="0"/>
      <line num="49" count="5" type="cond" truecount="2" falsecount="0"/>
      <line num="50" count="3" type="stmt"/>
      <line num="54" count="32" type="cond" truecount="2" falsecount="0"/>
      <line num="55" count="3" type="cond" truecount="2" falsecount="0"/>
      <line num="56" count="1" type="stmt"/>
      <line num="60" count="32" type="cond" truecount="2" falsecount="0"/>
      <line num="61" count="2" type="cond" truecount="1" falsecount="1"/>
      <line num="62" count="0" type="stmt"/>
      <line num="66" count="32" type="cond" truecount="2" falsecount="0"/>
      <line num="67" count="4" type="cond" truecount="2" falsecount="0"/>
      <line num="68" count="2" type="stmt"/>
      <line num="72" count="32" type="cond" truecount="1" falsecount="1"/>
      <line num="73" count="0" type="cond" truecount="0" falsecount="2"/>
      <line num="74" count="0" type="stmt"/>
      <line num="78" count="32" type="cond" truecount="2" falsecount="0"/>
      <line num="79" count="4" type="cond" truecount="2" falsecount="0"/>
      <line num="80" count="2" type="stmt"/>
      <line num="84" count="32" type="stmt"/>
      <line num="87" count="8" type="stmt"/>
      <line num="90" count="1" type="stmt"/>
      <line num="97" count="1" type="stmt"/>
      <line num="104" count="1" type="stmt"/>
      <line num="111" count="1" type="stmt"/>
    </file>
    <file name="20-Valid-Parenthesis.js" path="/Users/anjolaoluwaadeuyi/Documents/Personal Projects/leetcode-dsa-hackerrank/javascript/20-Valid-Parenthesis.js">
      <metrics statements="16" coveredstatements="16" conditionals="8" coveredconditionals="6" methods="1" coveredmethods="1"/>
      <line num="5" count="1" type="stmt"/>
      <line num="6" count="6" type="stmt"/>
      <line num="12" count="6" type="stmt"/>
      <line num="14" count="6" type="cond" truecount="1" falsecount="1"/>
      <line num="16" count="6" type="stmt"/>
      <line num="17" count="20" type="stmt"/>
      <line num="19" count="20" type="cond" truecount="2" falsecount="0"/>
      <line num="20" count="10" type="cond" truecount="1" falsecount="1"/>
      <line num="21" count="10" type="cond" truecount="2" falsecount="0"/>
      <line num="22" count="2" type="stmt"/>
      <line num="26" count="10" type="stmt"/>
      <line num="30" count="4" type="stmt"/>
      <line num="33" count="1" type="stmt"/>
      <line num="39" count="1" type="stmt"/>
      <line num="45" count="1" type="stmt"/>
      <line num="51" count="1" type="stmt"/>
    </file>
    <file name="9-Palindrome-Number.js" path="/Users/anjolaoluwaadeuyi/Documents/Personal Projects/leetcode-dsa-hackerrank/javascript/9-Palindrome-Number.js">
      <metrics statements="12" coveredstatements="12" conditionals="2" coveredconditionals="2" methods="1" coveredmethods="1"/>
      <line num="17" count="1" type="stmt"/>
      <line num="20" count="8" type="stmt"/>
      <line num="21" count="8" type="stmt"/>
      <line num="24" count="8" type="stmt"/>
      <line num="25" count="12" type="cond" truecount="2" falsecount="0"/>
      <line num="26" count="6" type="stmt"/>
      <line num="30" count="2" type="stmt"/>
      <line num="33" count="1" type="stmt"/>
      <line num="40" count="1" type="stmt"/>
      <line num="47" count="1" type="stmt"/>
      <line num="54" count="1" type="stmt"/>
      <line num="56" count="1" type="stmt"/>
    </file>
  </project>
</coverage>
