{"/Users/anjolaoluwaadeuyi/Documents/Personal Projects/leetcode-dsa-hackerrank/javascript/1-Two-Sum.js": {"path":"/Users/anjolaoluwaadeuyi/Documents/Personal Projects/leetcode-dsa-hackerrank/javascript/1-Two-Sum.js","statementMap":{"0":{"start":{"line":7,"column":13},"end":{"line":18,"column":1}},"1":{"start":{"line":8,"column":12},"end":{"line":8,"column":14}},"2":{"start":{"line":9,"column":2},"end":{"line":16,"column":3}},"3":{"start":{"line":9,"column":15},"end":{"line":9,"column":16}},"4":{"start":{"line":10,"column":14},"end":{"line":10,"column":21}},"5":{"start":{"line":11,"column":15},"end":{"line":11,"column":27}},"6":{"start":{"line":12,"column":4},"end":{"line":14,"column":5}},"7":{"start":{"line":13,"column":6},"end":{"line":13,"column":28}},"8":{"start":{"line":15,"column":4},"end":{"line":15,"column":17}},"9":{"start":{"line":17,"column":2},"end":{"line":17,"column":12}},"10":{"start":{"line":19,"column":0},"end":{"line":19,"column":24}},"11":{"start":{"line":21,"column":0},"end":{"line":21,"column":39}}},"fnMap":{"0":{"name":"(anonymous_0)","decl":{"start":{"line":7,"column":13},"end":{"line":7,"column":14}},"loc":{"start":{"line":7,"column":37},"end":{"line":18,"column":1}},"line":7}},"branchMap":{"0":{"loc":{"start":{"line":12,"column":4},"end":{"line":14,"column":5}},"type":"if","locations":[{"start":{"line":12,"column":4},"end":{"line":14,"column":5}},{"start":{},"end":{}}],"line":12}},"s":{"0":1,"1":2,"2":2,"3":2,"4":4,"5":4,"6":4,"7":2,"8":2,"9":0,"10":1,"11":1},"f":{"0":2},"b":{"0":[2,2]},"_coverageSchema":"1a1c01bbd47fc00a2c39e90264f33305004495a9","hash":"d59f8ecd8695edf9a2e11f9d84bc1f91ef0281de"}
,"/Users/anjolaoluwaadeuyi/Documents/Personal Projects/leetcode-dsa-hackerrank/javascript/11-Container-With-Most-Water.js": {"path":"/Users/anjolaoluwaadeuyi/Documents/Personal Projects/leetcode-dsa-hackerrank/javascript/11-Container-With-Most-Water.js","statementMap":{"0":{"start":{"line":18,"column":14},"end":{"line":33,"column":1}},"1":{"start":{"line":19,"column":12},"end":{"line":19,"column":13}},"2":{"start":{"line":20,"column":10},"end":{"line":20,"column":11}},"3":{"start":{"line":21,"column":10},"end":{"line":21,"column":27}},"4":{"start":{"line":23,"column":2},"end":{"line":31,"column":3}},"5":{"start":{"line":24,"column":4},"end":{"line":24,"column":52}},"6":{"start":{"line":25,"column":4},"end":{"line":25,"column":30}},"7":{"start":{"line":26,"column":4},"end":{"line":30,"column":5}},"8":{"start":{"line":27,"column":6},"end":{"line":27,"column":10}},"9":{"start":{"line":29,"column":6},"end":{"line":29,"column":10}},"10":{"start":{"line":32,"column":2},"end":{"line":32,"column":13}},"11":{"start":{"line":35,"column":0},"end":{"line":35,"column":25}},"12":{"start":{"line":41,"column":0},"end":{"line":41,"column":50}},"13":{"start":{"line":46,"column":0},"end":{"line":46,"column":29}}},"fnMap":{"0":{"name":"(anonymous_0)","decl":{"start":{"line":18,"column":14},"end":{"line":18,"column":15}},"loc":{"start":{"line":18,"column":32},"end":{"line":33,"column":1}},"line":18}},"branchMap":{"0":{"loc":{"start":{"line":26,"column":4},"end":{"line":30,"column":5}},"type":"if","locations":[{"start":{"line":26,"column":4},"end":{"line":30,"column":5}},{"start":{"line":28,"column":11},"end":{"line":30,"column":5}}],"line":26}},"s":{"0":1,"1":4,"2":4,"3":4,"4":4,"5":18,"6":18,"7":18,"8":4,"9":14,"10":4,"11":1,"12":1,"13":1},"f":{"0":4},"b":{"0":[4,14]},"_coverageSchema":"1a1c01bbd47fc00a2c39e90264f33305004495a9","hash":"87858a9dddc6ee046b20ed1e7d53819a474f8748"}
,"/Users/anjolaoluwaadeuyi/Documents/Personal Projects/leetcode-dsa-hackerrank/javascript/9-Palindrome-Number.js": {"path":"/Users/anjolaoluwaadeuyi/Documents/Personal Projects/leetcode-dsa-hackerrank/javascript/9-Palindrome-Number.js","statementMap":{"0":{"start":{"line":17,"column":19},"end":{"line":31,"column":1}},"1":{"start":{"line":20,"column":12},"end":{"line":20,"column":41}},"2":{"start":{"line":21,"column":2},"end":{"line":21,"column":19}},"3":{"start":{"line":24,"column":2},"end":{"line":28,"column":3}},"4":{"start":{"line":24,"column":15},"end":{"line":24,"column":16}},"5":{"start":{"line":25,"column":4},"end":{"line":27,"column":5}},"6":{"start":{"line":26,"column":6},"end":{"line":26,"column":19}},"7":{"start":{"line":30,"column":2},"end":{"line":30,"column":14}},"8":{"start":{"line":33,"column":0},"end":{"line":33,"column":30}},"9":{"start":{"line":40,"column":0},"end":{"line":40,"column":31}},"10":{"start":{"line":47,"column":0},"end":{"line":47,"column":32}},"11":{"start":{"line":54,"column":0},"end":{"line":54,"column":30}},"12":{"start":{"line":56,"column":0},"end":{"line":56,"column":35}}},"fnMap":{"0":{"name":"(anonymous_0)","decl":{"start":{"line":17,"column":19},"end":{"line":17,"column":20}},"loc":{"start":{"line":17,"column":32},"end":{"line":31,"column":1}},"line":17}},"branchMap":{"0":{"loc":{"start":{"line":25,"column":4},"end":{"line":27,"column":5}},"type":"if","locations":[{"start":{"line":25,"column":4},"end":{"line":27,"column":5}},{"start":{},"end":{}}],"line":25}},"s":{"0":1,"1":8,"2":8,"3":8,"4":8,"5":12,"6":6,"7":2,"8":1,"9":1,"10":1,"11":1,"12":1},"f":{"0":8},"b":{"0":[6,6]},"_coverageSchema":"1a1c01bbd47fc00a2c39e90264f33305004495a9","hash":"9da52a751de632c891f2b85736d76282635cbe5c"}
}
