TN:
SF:javascript/1-Two-Sum.js
FN:7,(anonymous_0)
FNF:1
FNH:1
FNDA:2,(anonymous_0)
DA:7,1
DA:8,2
DA:9,2
DA:10,4
DA:11,4
DA:12,4
DA:13,2
DA:15,2
DA:17,0
DA:19,1
DA:21,1
LF:11
LH:10
BRDA:12,0,0,2
BRDA:12,0,1,2
BRF:2
BRH:2
end_of_record
TN:
SF:javascript/11-Container-With-Most-Water.js
FN:18,(anonymous_0)
FNF:1
FNH:1
FNDA:4,(anonymous_0)
DA:18,1
DA:19,4
DA:20,4
DA:21,4
DA:23,4
DA:24,18
DA:25,18
DA:26,18
DA:27,4
DA:29,14
DA:32,4
DA:35,1
DA:41,1
DA:46,1
LF:14
LH:14
BRDA:26,0,0,4
BRDA:26,0,1,14
BRF:2
BRH:2
end_of_record
TN:
SF:javascript/13-Roman-To-Integer.js
FN:31,(anonymous_0)
FNF:1
FNH:1
FNDA:8,(anonymous_0)
DA:31,1
DA:32,8
DA:42,8
DA:44,8
DA:46,8
DA:48,32
DA:49,5
DA:50,3
DA:54,32
DA:55,3
DA:56,1
DA:60,32
DA:61,2
DA:62,0
DA:66,32
DA:67,4
DA:68,2
DA:72,32
DA:73,0
DA:74,0
DA:78,32
DA:79,4
DA:80,2
DA:84,32
DA:87,8
DA:90,1
DA:97,1
DA:104,1
DA:111,1
LF:29
LH:26
BRDA:48,0,0,5
BRDA:48,0,1,27
BRDA:49,1,0,3
BRDA:49,1,1,2
BRDA:54,2,0,3
BRDA:54,2,1,29
BRDA:55,3,0,1
BRDA:55,3,1,2
BRDA:60,4,0,2
BRDA:60,4,1,30
BRDA:61,5,0,0
BRDA:61,5,1,2
BRDA:66,6,0,4
BRDA:66,6,1,28
BRDA:67,7,0,2
BRDA:67,7,1,2
BRDA:72,8,0,0
BRDA:72,8,1,32
BRDA:73,9,0,0
BRDA:73,9,1,0
BRDA:78,10,0,4
BRDA:78,10,1,28
BRDA:79,11,0,2
BRDA:79,11,1,2
BRF:24
BRH:20
end_of_record
TN:
SF:javascript/20-Valid-Parenthesis.js
FN:5,(anonymous_0)
FNF:1
FNH:1
FNDA:6,(anonymous_0)
DA:5,1
DA:6,6
DA:12,6
DA:14,6
DA:16,6
DA:17,20
DA:19,20
DA:20,10
DA:21,10
DA:22,2
DA:26,10
DA:30,4
DA:33,1
DA:39,1
DA:45,1
DA:51,1
LF:16
LH:16
BRDA:14,0,0,0
BRDA:14,0,1,6
BRDA:19,1,0,10
BRDA:19,1,1,10
BRDA:20,2,0,0
BRDA:20,2,1,10
BRDA:21,3,0,2
BRDA:21,3,1,8
BRF:8
BRH:6
end_of_record
TN:
SF:javascript/9-Palindrome-Number.js
FN:17,(anonymous_0)
FNF:1
FNH:1
FNDA:8,(anonymous_0)
DA:17,1
DA:20,8
DA:21,8
DA:24,8
DA:25,12
DA:26,6
DA:30,2
DA:33,1
DA:40,1
DA:47,1
DA:54,1
DA:56,1
LF:12
LH:12
BRDA:25,0,0,6
BRDA:25,0,1,6
BRF:2
BRH:2
end_of_record
