TN:
SF:javascript/1-Two-Sum.js
FN:7,(anonymous_0)
FNF:1
FNH:1
FNDA:2,(anonymous_0)
DA:7,1
DA:8,2
DA:9,2
DA:10,4
DA:11,4
DA:12,4
DA:13,2
DA:15,2
DA:17,0
DA:19,1
DA:21,1
LF:11
LH:10
BRDA:12,0,0,2
BRDA:12,0,1,2
BRF:2
BRH:2
end_of_record
TN:
SF:javascript/11-Container-With-Most-Water.js
FN:18,(anonymous_0)
FNF:1
FNH:1
FNDA:4,(anonymous_0)
DA:18,1
DA:19,4
DA:20,4
DA:21,4
DA:23,4
DA:24,18
DA:25,18
DA:26,18
DA:27,4
DA:29,14
DA:32,4
DA:35,1
DA:41,1
DA:46,1
LF:14
LH:14
BRDA:26,0,0,4
BRDA:26,0,1,14
BRF:2
BRH:2
end_of_record
TN:
SF:javascript/9-Palindrome-Number.js
FN:17,(anonymous_0)
FNF:1
FNH:1
FNDA:8,(anonymous_0)
DA:17,1
DA:20,8
DA:21,8
DA:24,8
DA:25,12
DA:26,6
DA:30,2
DA:33,1
DA:40,1
DA:47,1
DA:54,1
DA:56,1
LF:12
LH:12
BRDA:25,0,0,6
BRDA:25,0,1,6
BRF:2
BRH:2
end_of_record
